Release 14.7 - xst P.20131013 (nt64)
Copyright (c) 1995-2013 Xilinx, Inc.  All rights reserved.
--> Parameter TMPDIR set to xst/projnav.tmp


Total REAL time to Xst completion: 0.00 secs
Total CPU time to Xst completion: 0.10 secs
 
--> Parameter xsthdpdir set to xst


Total REAL time to Xst completion: 0.00 secs
Total CPU time to Xst completion: 0.10 secs
 
--> Reading design: key_matrix.prj

TABLE OF CONTENTS
  1) Synthesis Options Summary
  2) HDL Compilation
  3) Design Hierarchy Analysis
  4) HDL Analysis
  5) HDL Synthesis
     5.1) HDL Synthesis Report
  6) Advanced HDL Synthesis
     6.1) Advanced HDL Synthesis Report
  7) Low Level Synthesis
  8) Partition Report
  9) Final Report
	9.1) Device utilization summary
	9.2) Partition Resource Summary
	9.3) TIMING REPORT


=========================================================================
*                      Synthesis Options Summary                        *
=========================================================================
---- Source Parameters
Input File Name                    : "key_matrix.prj"
Input Format                       : mixed
Ignore Synthesis Constraint File   : NO

---- Target Parameters
Output File Name                   : "key_matrix"
Output Format                      : NGC
Target Device                      : xc3s2000-4-fg456

---- Source Options
Top Module Name                    : key_matrix
Automatic FSM Extraction           : YES
FSM Encoding Algorithm             : Auto
Safe Implementation                : No
FSM Style                          : LUT
RAM Extraction                     : Yes
RAM Style                          : Auto
ROM Extraction                     : Yes
Mux Style                          : Auto
Decoder Extraction                 : YES
Priority Encoder Extraction        : Yes
Shift Register Extraction          : YES
Logical Shifter Extraction         : YES
XOR Collapsing                     : YES
ROM Style                          : Auto
Mux Extraction                     : Yes
Resource Sharing                   : YES
Asynchronous To Synchronous        : NO
Multiplier Style                   : Auto
Automatic Register Balancing       : No

---- Target Options
Add IO Buffers                     : YES
Global Maximum Fanout              : 100000
Add Generic Clock Buffer(BUFG)     : 8
Register Duplication               : YES
Slice Packing                      : YES
Optimize Instantiated Primitives   : NO
Use Clock Enable                   : Yes
Use Synchronous Set                : Yes
Use Synchronous Reset              : Yes
Pack IO Registers into IOBs        : Auto
Equivalent register Removal        : YES

---- General Options
Optimization Goal                  : Speed
Optimization Effort                : 1
Keep Hierarchy                     : No
Netlist Hierarchy                  : As_Optimized
RTL Output                         : Yes
Global Optimization                : AllClockNets
Read Cores                         : YES
Write Timing Constraints           : NO
Cross Clock Analysis               : NO
Hierarchy Separator                : /
Bus Delimiter                      : <>
Case Specifier                     : Maintain
Slice Utilization Ratio            : 100
BRAM Utilization Ratio             : 100
Verilog 2001                       : YES
Auto BRAM Packing                  : NO
Slice Utilization Ratio Delta      : 5

=========================================================================


=========================================================================
*                          HDL Compilation                              *
=========================================================================
Compiling vhdl file "F:/fucker/stop_watch/clock_divider_x4.vhd" in Library work.
Entity <clock_divider_x4> compiled.
Entity <clock_divider_x4> (Architecture <behavioral>) compiled.
Compiling vhdl file "F:/fucker/stop_watch/key_matrix.vhd" in Library work.
Architecture behavioral of Entity key_matrix is up to date.

=========================================================================
*                     Design Hierarchy Analysis                         *
=========================================================================
Analyzing hierarchy for entity <key_matrix> in library <work> (architecture <behavioral>).

Analyzing hierarchy for entity <clock_divider_x4> in library <work> (architecture <behavioral>).


=========================================================================
*                            HDL Analysis                               *
=========================================================================
Analyzing Entity <key_matrix> in library <work> (Architecture <behavioral>).
Entity <key_matrix> analyzed. Unit <key_matrix> generated.

Analyzing Entity <clock_divider_x4> in library <work> (Architecture <behavioral>).
Entity <clock_divider_x4> analyzed. Unit <clock_divider_x4> generated.


=========================================================================
*                           HDL Synthesis                               *
=========================================================================

Performing bidirectional port resolution...

Synthesizing Unit <clock_divider_x4>.
    Related source file is "F:/fucker/stop_watch/clock_divider_x4.vhd".
    Found 4-bit up counter for signal <cnt_data>.
    Found 1-bit register for signal <d_clk>.
    Summary:
	inferred   1 Counter(s).
	inferred   1 D-type flip-flop(s).
Unit <clock_divider_x4> synthesized.


Synthesizing Unit <key_matrix>.
    Related source file is "F:/fucker/stop_watch/key_matrix.vhd".
WARNING:Xst:1306 - Output <key_data> is never assigned.
WARNING:Xst:1306 - Output <key_scan> is never assigned.
WARNING:Xst:646 - Signal <key_data_int> is assigned but never used. This unconnected signal will be trimmed during the optimization process.
    Found 4-bit register for signal <scan_cnt>.
Unit <key_matrix> synthesized.


=========================================================================
HDL Synthesis Report

Macro Statistics
# Counters                                             : 1
 4-bit up counter                                      : 1
# Registers                                            : 2
 1-bit register                                        : 1
 4-bit register                                        : 1

=========================================================================

=========================================================================
*                       Advanced HDL Synthesis                          *
=========================================================================

WARNING:Xst:1290 - Hierarchical block <dvd0> is unconnected in block <key_matrix>.
   It will be removed from the design.

=========================================================================
Advanced HDL Synthesis Report

Macro Statistics
# Counters                                             : 1
 4-bit up counter                                      : 1
# Registers                                            : 5
 Flip-Flops                                            : 5

=========================================================================

=========================================================================
*                         Low Level Synthesis                           *
=========================================================================
WARNING:Xst:2677 - Node <scan_cnt_3> of sequential type is unconnected in block <key_matrix>.
WARNING:Xst:2677 - Node <scan_cnt_2> of sequential type is unconnected in block <key_matrix>.
WARNING:Xst:2677 - Node <scan_cnt_1> of sequential type is unconnected in block <key_matrix>.
WARNING:Xst:2677 - Node <scan_cnt_0> of sequential type is unconnected in block <key_matrix>.
WARNING:Xst:2677 - Node <dvd0/d_clk> of sequential type is unconnected in block <key_matrix>.

Optimizing unit <key_matrix> ...

Mapping all equations...
Building and optimizing final netlist ...
Found area constraint ratio of 100 (+ 5) on block key_matrix, actual ratio is 0.

Final Macro Processing ...

=========================================================================
Final Register Report

Found no macro
=========================================================================

=========================================================================
*                           Partition Report                            *
=========================================================================

Partition Implementation Status
-------------------------------

  No Partitions were found in this design.

-------------------------------

=========================================================================
*                            Final Report                               *
=========================================================================
Final Results
RTL Top Level Output File Name     : key_matrix.ngr
Top Level Output File Name         : key_matrix
Output Format                      : NGC
Optimization Goal                  : Speed
Keep Hierarchy                     : No

Design Statistics
# IOs                              : 14

Cell Usage :
=========================================================================

Device utilization summary:
---------------------------

Selected Device : 3s2000fg456-4 

 Number of Slices:                        0  out of  20480     0%  
 Number of IOs:                          14
 Number of bonded IOBs:                   0  out of    333     0%  

---------------------------
Partition Resource Summary:
---------------------------

  No Partitions were found in this design.

---------------------------


=========================================================================
TIMING REPORT

NOTE: THESE TIMING NUMBERS ARE ONLY A SYNTHESIS ESTIMATE.
      FOR ACCURATE TIMING INFORMATION PLEASE REFER TO THE TRACE REPORT
      GENERATED AFTER PLACE-and-ROUTE.

Clock Information:
------------------
No clock signals found in this design

Asynchronous Control Signals Information:
----------------------------------------
No asynchronous control signals found in this design

Timing Summary:
---------------
Speed Grade: -4

   Minimum period: No path found
   Minimum input arrival time before clock: No path found
   Maximum output required time after clock: No path found
   Maximum combinational path delay: No path found

Timing Detail:
--------------
All values displayed in nanoseconds (ns)

=========================================================================


Total REAL time to Xst completion: 5.00 secs
Total CPU time to Xst completion: 5.21 secs
 
--> 

Total memory usage is 255848 kilobytes

Number of errors   :    0 (   0 filtered)
Number of warnings :    9 (   0 filtered)
Number of infos    :    0 (   0 filtered)

