Release 14.7 - xst P.20131013 (nt)
Copyright (c) 1995-2013 Xilinx, Inc.  All rights reserved.
--> Parameter TMPDIR set to xst/projnav.tmp


Total REAL time to Xst completion: 1.00 secs
Total CPU time to Xst completion: 0.28 secs
 
--> Parameter xsthdpdir set to xst


Total REAL time to Xst completion: 1.00 secs
Total CPU time to Xst completion: 0.28 secs
 
--> Reading design: main.prj

TABLE OF CONTENTS
  1) Synthesis Options Summary
  2) HDL Compilation
  3) Design Hierarchy Analysis
  4) HDL Analysis
  5) HDL Synthesis
     5.1) HDL Synthesis Report
  6) Advanced HDL Synthesis
     6.1) Advanced HDL Synthesis Report
  7) Low Level Synthesis
  8) Partition Report
  9) Final Report
	9.1) Device utilization summary
	9.2) Partition Resource Summary
	9.3) TIMING REPORT


=========================================================================
*                      Synthesis Options Summary                        *
=========================================================================
---- Source Parameters
Input File Name                    : "main.prj"
Input Format                       : mixed
Ignore Synthesis Constraint File   : NO

---- Target Parameters
Output File Name                   : "main"
Output Format                      : NGC
Target Device                      : xc3s2000-4-fg456

---- Source Options
Top Module Name                    : main
Automatic FSM Extraction           : YES
FSM Encoding Algorithm             : Auto
Safe Implementation                : No
FSM Style                          : LUT
RAM Extraction                     : Yes
RAM Style                          : Auto
ROM Extraction                     : Yes
Mux Style                          : Auto
Decoder Extraction                 : YES
Priority Encoder Extraction        : Yes
Shift Register Extraction          : YES
Logical Shifter Extraction         : YES
XOR Collapsing                     : YES
ROM Style                          : Auto
Mux Extraction                     : Yes
Resource Sharing                   : YES
Asynchronous To Synchronous        : NO
Multiplier Style                   : Auto
Automatic Register Balancing       : No

---- Target Options
Add IO Buffers                     : YES
Global Maximum Fanout              : 100000
Add Generic Clock Buffer(BUFG)     : 8
Register Duplication               : YES
Slice Packing                      : YES
Optimize Instantiated Primitives   : NO
Use Clock Enable                   : Yes
Use Synchronous Set                : Yes
Use Synchronous Reset              : Yes
Pack IO Registers into IOBs        : Auto
Equivalent register Removal        : YES

---- General Options
Optimization Goal                  : Speed
Optimization Effort                : 1
Keep Hierarchy                     : No
Netlist Hierarchy                  : As_Optimized
RTL Output                         : Yes
Global Optimization                : AllClockNets
Read Cores                         : YES
Write Timing Constraints           : NO
Cross Clock Analysis               : NO
Hierarchy Separator                : /
Bus Delimiter                      : <>
Case Specifier                     : Maintain
Slice Utilization Ratio            : 100
BRAM Utilization Ratio             : 100
Verilog 2001                       : YES
Auto BRAM Packing                  : NO
Slice Utilization Ratio Delta      : 5

=========================================================================


=========================================================================
*                          HDL Compilation                              *
=========================================================================
Compiling vhdl file "D:/VHDL-practice/stop_watch/count0to5.vhd" in Library work.
Architecture behavioral of Entity count0to5 is up to date.
Compiling vhdl file "D:/VHDL-practice/stop_watch/clock_divider_x4.vhd" in Library work.
Architecture behavioral of Entity clock_divider_x4 is up to date.
Compiling vhdl file "D:/VHDL-practice/stop_watch/key_matrix.vhd" in Library work.
Entity <key_matrix> compiled.
Entity <key_matrix> (Architecture <behavioral>) compiled.
Compiling vhdl file "D:/VHDL-practice/stop_watch/seven_segment.vhd" in Library work.
Architecture behavioral of Entity seven_segment is up to date.
Compiling vhdl file "D:/VHDL-practice/stop_watch/main.vhd" in Library work.
Architecture behavioral of Entity main is up to date.

=========================================================================
*                     Design Hierarchy Analysis                         *
=========================================================================
Analyzing hierarchy for entity <main> in library <work> (architecture <behavioral>).

Analyzing hierarchy for entity <clock_divider_x4> in library <work> (architecture <behavioral>).

Analyzing hierarchy for entity <key_matrix> in library <work> (architecture <behavioral>).

Analyzing hierarchy for entity <seven_segment> in library <work> (architecture <behavioral>).

Analyzing hierarchy for entity <clock_divider_x4> in library <work> (architecture <behavioral>).

Analyzing hierarchy for entity <count0to5> in library <work> (architecture <behavioral>).


=========================================================================
*                            HDL Analysis                               *
=========================================================================
Analyzing Entity <main> in library <work> (Architecture <behavioral>).
Entity <main> analyzed. Unit <main> generated.

Analyzing Entity <clock_divider_x4> in library <work> (Architecture <behavioral>).
Entity <clock_divider_x4> analyzed. Unit <clock_divider_x4> generated.

Analyzing Entity <key_matrix> in library <work> (Architecture <behavioral>).
Entity <key_matrix> analyzed. Unit <key_matrix> generated.

Analyzing Entity <seven_segment> in library <work> (Architecture <behavioral>).
INFO:Xst:1561 - "D:/VHDL-practice/stop_watch/seven_segment.vhd" line 83: Mux is complete : default of case is discarded
Entity <seven_segment> analyzed. Unit <seven_segment> generated.

Analyzing Entity <count0to5> in library <work> (Architecture <behavioral>).
Entity <count0to5> analyzed. Unit <count0to5> generated.


=========================================================================
*                           HDL Synthesis                               *
=========================================================================

Performing bidirectional port resolution...

Synthesizing Unit <clock_divider_x4>.
    Related source file is "D:/VHDL-practice/stop_watch/clock_divider_x4.vhd".
    Found 4-bit up counter for signal <cnt_data>.
    Found 1-bit register for signal <d_clk>.
    Summary:
	inferred   1 Counter(s).
	inferred   1 D-type flip-flop(s).
Unit <clock_divider_x4> synthesized.


Synthesizing Unit <count0to5>.
    Related source file is "D:/VHDL-practice/stop_watch/count0to5.vhd".
    Found 3-bit up counter for signal <cnt_data>.
    Summary:
	inferred   1 Counter(s).
Unit <count0to5> synthesized.


Synthesizing Unit <key_matrix>.
    Related source file is "D:/VHDL-practice/stop_watch/key_matrix.vhd".
    Found 4-bit register for signal <key_data_int>.
    Found 4-bit register for signal <key_in_int>.
    Found 4-bit register for signal <scan_cnt>.
    Summary:
	inferred   8 D-type flip-flop(s).
Unit <key_matrix> synthesized.


Synthesizing Unit <seven_segment>.
    Related source file is "D:/VHDL-practice/stop_watch/seven_segment.vhd".
    Found 16x8-bit ROM for signal <seg_int>.
    Found 6-bit register for signal <digit>.
    Summary:
	inferred   1 ROM(s).
Unit <seven_segment> synthesized.


Synthesizing Unit <main>.
    Related source file is "D:/VHDL-practice/stop_watch/main.vhd".
WARNING:Xst:1306 - Output <key_data> is never assigned.
WARNING:Xst:647 - Input <seginput1> is never used. This port will be preserved and left unconnected if it belongs to a top-level block or it belongs to a sub-block and the hierarchy of this sub-block is preserved.
WARNING:Xst:647 - Input <seginput2> is never used. This port will be preserved and left unconnected if it belongs to a top-level block or it belongs to a sub-block and the hierarchy of this sub-block is preserved.
WARNING:Xst:647 - Input <seginput3> is never used. This port will be preserved and left unconnected if it belongs to a top-level block or it belongs to a sub-block and the hierarchy of this sub-block is preserved.
WARNING:Xst:647 - Input <seginput4> is never used. This port will be preserved and left unconnected if it belongs to a top-level block or it belongs to a sub-block and the hierarchy of this sub-block is preserved.
WARNING:Xst:647 - Input <seginput5> is never used. This port will be preserved and left unconnected if it belongs to a top-level block or it belongs to a sub-block and the hierarchy of this sub-block is preserved.
WARNING:Xst:647 - Input <seginput6> is never used. This port will be preserved and left unconnected if it belongs to a top-level block or it belongs to a sub-block and the hierarchy of this sub-block is preserved.
Unit <main> synthesized.


=========================================================================
HDL Synthesis Report

Macro Statistics
# ROMs                                                 : 1
 16x8-bit ROM                                          : 1
# Counters                                             : 3
 3-bit up counter                                      : 1
 4-bit up counter                                      : 2
# Registers                                            : 6
 1-bit register                                        : 2
 4-bit register                                        : 3
 6-bit register                                        : 1

=========================================================================

=========================================================================
*                       Advanced HDL Synthesis                          *
=========================================================================


=========================================================================
Advanced HDL Synthesis Report

Macro Statistics
# ROMs                                                 : 1
 16x8-bit ROM                                          : 1
# Counters                                             : 3
 3-bit up counter                                      : 1
 4-bit up counter                                      : 2
# Registers                                            : 20
 Flip-Flops                                            : 20

=========================================================================

=========================================================================
*                         Low Level Synthesis                           *
=========================================================================

Optimizing unit <main> ...

Optimizing unit <key_matrix> ...

Optimizing unit <seven_segment> ...

Mapping all equations...
Building and optimizing final netlist ...
Found area constraint ratio of 100 (+ 5) on block main, actual ratio is 0.

Final Macro Processing ...

=========================================================================
Final Register Report

Macro Statistics
# Registers                                            : 31
 Flip-Flops                                            : 31

=========================================================================

=========================================================================
*                           Partition Report                            *
=========================================================================

Partition Implementation Status
-------------------------------

  No Partitions were found in this design.

-------------------------------

=========================================================================
*                            Final Report                               *
=========================================================================
Final Results
RTL Top Level Output File Name     : main.ngr
Top Level Output File Name         : main
Output Format                      : NGC
Optimization Goal                  : Speed
Keep Hierarchy                     : No

Design Statistics
# IOs                              : 52

Cell Usage :
# BELS                             : 74
#      INV                         : 6
#      LUT2                        : 13
#      LUT2_L                      : 3
#      LUT3                        : 13
#      LUT3_L                      : 3
#      LUT4                        : 31
#      LUT4_L                      : 3
#      MUXF5                       : 1
#      VCC                         : 1
# FlipFlops/Latches                : 31
#      FDC                         : 17
#      FDCE                        : 2
#      FDP                         : 8
#      FDS                         : 4
# Clock Buffers                    : 1
#      BUFGP                       : 1
# IO Buffers                       : 23
#      IBUF                        : 5
#      OBUF                        : 18
=========================================================================

Device utilization summary:
---------------------------

Selected Device : 3s2000fg456-4 

 Number of Slices:                       36  out of  20480     0%  
 Number of Slice Flip Flops:             27  out of  40960     0%  
 Number of 4 input LUTs:                 72  out of  40960     0%  
 Number of IOs:                          52
 Number of bonded IOBs:                  24  out of    333     7%  
    IOB Flip Flops:                       4
 Number of GCLKs:                         1  out of      8    12%  

---------------------------
Partition Resource Summary:
---------------------------

  No Partitions were found in this design.

---------------------------


=========================================================================
TIMING REPORT

NOTE: THESE TIMING NUMBERS ARE ONLY A SYNTHESIS ESTIMATE.
      FOR ACCURATE TIMING INFORMATION PLEASE REFER TO THE TRACE REPORT
      GENERATED AFTER PLACE-and-ROUTE.

Clock Information:
------------------
-----------------------------------+------------------------------+-------+
Clock Signal                       | Clock buffer(FF name)        | Load  |
-----------------------------------+------------------------------+-------+
clk                                | BUFGP                        | 5     |
dvd1/d_clk                         | NONE(key_pad/dvd0/cnt_data_3)| 18    |
key_pad/dvd0/d_clk                 | NONE(key_pad/scan_cnt_0)     | 8     |
-----------------------------------+------------------------------+-------+
INFO:Xst:2169 - HDL ADVISOR - Some clock signals were not automatically buffered by XST with BUFG/BUFR resources. Please use the buffer_type constraint in order to insert these buffers to the clock signals to help prevent skew problems.

Asynchronous Control Signals Information:
----------------------------------------
-----------------------------------+------------------------+-------+
Control Signal                     | Buffer(FF name)        | Load  |
-----------------------------------+------------------------+-------+
rst_inv(rst_inv1_INV_0:O)          | NONE(dvd1/cnt_data_0)  | 27    |
-----------------------------------+------------------------+-------+

Timing Summary:
---------------
Speed Grade: -4

   Minimum period: 6.641ns (Maximum Frequency: 150.580MHz)
   Minimum input arrival time before clock: 1.825ns
   Maximum output required time after clock: 14.001ns
   Maximum combinational path delay: No path found

Timing Detail:
--------------
All values displayed in nanoseconds (ns)

=========================================================================
Timing constraint: Default period analysis for Clock 'clk'
  Clock period: 3.934ns (frequency: 254.194MHz)
  Total number of paths / destination ports: 15 / 6
-------------------------------------------------------------------------
Delay:               3.934ns (Levels of Logic = 1)
  Source:            dvd1/cnt_data_0 (FF)
  Destination:       dvd1/d_clk (FF)
  Source Clock:      clk rising
  Destination Clock: clk rising

  Data Path: dvd1/cnt_data_0 to dvd1/d_clk
                                Gate     Net
    Cell:in->out      fanout   Delay   Delay  Logical Name (Net Name)
    ----------------------------------------  ------------
     FDC:C->Q              5   0.720   1.260  dvd1/cnt_data_0 (dvd1/cnt_data_0)
     LUT4:I0->O            1   0.551   0.801  dvd1/d_clk_cmp_eq00001 (dvd1/d_clk_cmp_eq0000)
     FDCE:CE                   0.602          dvd1/d_clk
    ----------------------------------------
    Total                      3.934ns (1.873ns logic, 2.061ns route)
                                       (47.6% logic, 52.4% route)

=========================================================================
Timing constraint: Default period analysis for Clock 'dvd1/d_clk'
  Clock period: 3.934ns (frequency: 254.194MHz)
  Total number of paths / destination ports: 40 / 15
-------------------------------------------------------------------------
Delay:               3.934ns (Levels of Logic = 1)
  Source:            key_pad/dvd0/cnt_data_0 (FF)
  Destination:       key_pad/dvd0/d_clk (FF)
  Source Clock:      dvd1/d_clk rising
  Destination Clock: dvd1/d_clk rising

  Data Path: key_pad/dvd0/cnt_data_0 to key_pad/dvd0/d_clk
                                Gate     Net
    Cell:in->out      fanout   Delay   Delay  Logical Name (Net Name)
    ----------------------------------------  ------------
     FDC:C->Q              5   0.720   1.260  key_pad/dvd0/cnt_data_0 (key_pad/dvd0/cnt_data_0)
     LUT4:I0->O            1   0.551   0.801  key_pad/dvd0/d_clk_cmp_eq00001 (key_pad/dvd0/d_clk_cmp_eq0000)
     FDCE:CE                   0.602          key_pad/dvd0/d_clk
    ----------------------------------------
    Total                      3.934ns (1.873ns logic, 2.061ns route)
                                       (47.6% logic, 52.4% route)

=========================================================================
Timing constraint: Default period analysis for Clock 'key_pad/dvd0/d_clk'
  Clock period: 6.641ns (frequency: 150.580MHz)
  Total number of paths / destination ports: 82 / 12
-------------------------------------------------------------------------
Delay:               6.641ns (Levels of Logic = 3)
  Source:            key_pad/scan_cnt_0 (FF)
  Destination:       key_pad/key_data_int_2 (FF)
  Source Clock:      key_pad/dvd0/d_clk rising
  Destination Clock: key_pad/dvd0/d_clk rising

  Data Path: key_pad/scan_cnt_0 to key_pad/key_data_int_2
                                Gate     Net
    Cell:in->out      fanout   Delay   Delay  Logical Name (Net Name)
    ----------------------------------------  ------------
     FDC:C->Q             14   0.720   1.382  key_pad/scan_cnt_0 (key_pad/scan_cnt_0)
     LUT4_L:I1->LO         1   0.551   0.126  key_pad/key_data_int_mux0000<2>411 (key_pad/N18)
     LUT4:I3->O            3   0.551   0.933  key_pad/key_data_int_mux0000<2>42 (key_pad/N4)
     LUT4:I3->O            1   0.551   0.801  key_pad/key_data_int_mux0000<1>17 (key_pad/key_data_int_mux0000<1>17)
     FDS:S                     1.026          key_pad/key_data_int_2
    ----------------------------------------
    Total                      6.641ns (3.399ns logic, 3.242ns route)
                                       (51.2% logic, 48.8% route)

=========================================================================
Timing constraint: Default OFFSET IN BEFORE for Clock 'dvd1/d_clk'
  Total number of paths / destination ports: 4 / 4
-------------------------------------------------------------------------
Offset:              1.825ns (Levels of Logic = 1)
  Source:            key_in<3> (PAD)
  Destination:       key_pad/key_in_int_3 (FF)
  Destination Clock: dvd1/d_clk rising

  Data Path: key_in<3> to key_pad/key_in_int_3
                                Gate     Net
    Cell:in->out      fanout   Delay   Delay  Logical Name (Net Name)
    ----------------------------------------  ------------
     IBUF:I->O             1   0.821   0.801  key_in_3_IBUF (key_in_3_IBUF)
     FDP:D                     0.203          key_pad/key_in_int_3
    ----------------------------------------
    Total                      1.825ns (1.024ns logic, 0.801ns route)
                                       (56.1% logic, 43.9% route)

=========================================================================
Timing constraint: Default OFFSET OUT AFTER for Clock 'dvd1/d_clk'
  Total number of paths / destination ports: 286 / 13
-------------------------------------------------------------------------
Offset:              14.001ns (Levels of Logic = 5)
  Source:            seg/digit_2 (FF)
  Destination:       segment<7> (PAD)
  Source Clock:      dvd1/d_clk rising

  Data Path: seg/digit_2 to segment<7>
                                Gate     Net
    Cell:in->out      fanout   Delay   Delay  Logical Name (Net Name)
    ----------------------------------------  ------------
     FDC:C->Q              3   0.720   1.246  seg/digit_2 (seg/digit_2)
     LUT4:I0->O            1   0.551   0.869  seg/display_data<0>1_SW1 (N6)
     LUT4:I2->O            4   0.551   1.112  seg/display_data<0>1 (seg/N01)
     LUT2:I1->O            7   0.551   1.405  seg/display_data<3>1 (seg/display_data<3>)
     LUT4:I0->O            1   0.551   0.801  seg/Mrom_seg_int51 (segment_5_OBUF)
     OBUF:I->O                 5.644          segment_5_OBUF (segment<5>)
    ----------------------------------------
    Total                     14.001ns (8.568ns logic, 5.433ns route)
                                       (61.2% logic, 38.8% route)

=========================================================================
Timing constraint: Default OFFSET OUT AFTER for Clock 'key_pad/dvd0/d_clk'
  Total number of paths / destination ports: 32 / 11
-------------------------------------------------------------------------
Offset:              10.888ns (Levels of Logic = 3)
  Source:            key_pad/key_data_int_0 (FF)
  Destination:       segment<7> (PAD)
  Source Clock:      key_pad/dvd0/d_clk rising

  Data Path: key_pad/key_data_int_0 to segment<7>
                                Gate     Net
    Cell:in->out      fanout   Delay   Delay  Logical Name (Net Name)
    ----------------------------------------  ------------
     FDS:C->Q              2   0.720   1.216  key_pad/key_data_int_0 (key_pad/key_data_int_0)
     LUT2:I0->O            7   0.551   1.405  seg/display_data<0>2 (seg/display_data<0>)
     LUT4:I0->O            1   0.551   0.801  seg/Mrom_seg_int31 (segment_3_OBUF)
     OBUF:I->O                 5.644          segment_3_OBUF (segment<3>)
    ----------------------------------------
    Total                     10.888ns (7.466ns logic, 3.422ns route)
                                       (68.6% logic, 31.4% route)

=========================================================================


Total REAL time to Xst completion: 4.00 secs
Total CPU time to Xst completion: 3.82 secs
 
--> 

Total memory usage is 204816 kilobytes

Number of errors   :    0 (   0 filtered)
Number of warnings :    7 (   0 filtered)
Number of infos    :    2 (   0 filtered)

